0 info it worked if it ends with ok
1 verbose cli [ '/usr/local/Cellar/node/7.1.0/bin/node',
1 verbose cli   '/usr/local/bin/npm',
1 verbose cli   'run',
1 verbose cli   'pakmas' ]
2 info using npm@3.10.9
3 info using node@v7.1.0
4 verbose run-script [ 'prepakmas', 'pakmas', 'postpakmas' ]
5 info lifecycle mcplay@1.0.2~prepakmas: mcplay@1.0.2
6 silly lifecycle mcplay@1.0.2~prepakmas: no script for prepakmas, continuing
7 info lifecycle mcplay@1.0.2~pakmas: mcplay@1.0.2
8 verbose lifecycle mcplay@1.0.2~pakmas: unsafe-perm in lifecycle true
9 verbose lifecycle mcplay@1.0.2~pakmas: PATH: /usr/local/lib/node_modules/npm/bin/node-gyp-bin:/Users/liangshicong/workspace/node/mcplayer/node_modules/.bin:/usr/local/Cellar/node/7.1.0/bin:/usr/local/Cellar/git/2.11.0/bin:/usr/local/bin:/usr/local/bin:/usr/bin:/bin:/usr/sbin:/sbin
10 verbose lifecycle mcplay@1.0.2~pakmas: CWD: /Users/liangshicong/workspace/node/mcplayer
11 silly lifecycle mcplay@1.0.2~pakmas: Args: [ '-c',
11 silly lifecycle   'electron-packager ./ mcplayer --platform=mas --arch=x64 --version=1.4.6 --icon=views/favicon.icns  --out=build' ]
12 silly lifecycle mcplay@1.0.2~pakmas: Returned: code: 1  signal: null
13 info lifecycle mcplay@1.0.2~pakmas: Failed to exec pakmas script
14 verbose stack Error: mcplay@1.0.2 pakmas: `electron-packager ./ mcplayer --platform=mas --arch=x64 --version=1.4.6 --icon=views/favicon.icns  --out=build`
14 verbose stack Exit status 1
14 verbose stack     at EventEmitter.<anonymous> (/usr/local/lib/node_modules/npm/lib/utils/lifecycle.js:255:16)
14 verbose stack     at emitTwo (events.js:106:13)
14 verbose stack     at EventEmitter.emit (events.js:191:7)
14 verbose stack     at ChildProcess.<anonymous> (/usr/local/lib/node_modules/npm/lib/utils/spawn.js:40:14)
14 verbose stack     at emitTwo (events.js:106:13)
14 verbose stack     at ChildProcess.emit (events.js:191:7)
14 verbose stack     at maybeClose (internal/child_process.js:885:16)
14 verbose stack     at Process.ChildProcess._handle.onexit (internal/child_process.js:226:5)
15 verbose pkgid mcplay@1.0.2
16 verbose cwd /Users/liangshicong/workspace/node/mcplayer
17 error Darwin 16.0.0
18 error argv "/usr/local/Cellar/node/7.1.0/bin/node" "/usr/local/bin/npm" "run" "pakmas"
19 error node v7.1.0
20 error npm  v3.10.9
21 error code ELIFECYCLE
22 error mcplay@1.0.2 pakmas: `electron-packager ./ mcplayer --platform=mas --arch=x64 --version=1.4.6 --icon=views/favicon.icns  --out=build`
22 error Exit status 1
23 error Failed at the mcplay@1.0.2 pakmas script 'electron-packager ./ mcplayer --platform=mas --arch=x64 --version=1.4.6 --icon=views/favicon.icns  --out=build'.
23 error Make sure you have the latest version of node.js and npm installed.
23 error If you do, this is most likely a problem with the mcplay package,
23 error not with npm itself.
23 error Tell the author that this fails on your system:
23 error     electron-packager ./ mcplayer --platform=mas --arch=x64 --version=1.4.6 --icon=views/favicon.icns  --out=build
23 error You can get information on how to open an issue for this project with:
23 error     npm bugs mcplay
23 error Or if that isn't available, you can get their info via:
23 error     npm owner ls mcplay
23 error There is likely additional logging output above.
24 verbose exit [ 1, true ]
